Copyright 1986-2019 Xilinx, Inc. All Rights Reserved.
---------------------------------------------------------------------------------------
| Tool Version : Vivado v.2019.1 (win64) Build 2552052 Fri May 24 14:49:42 MDT 2019
| Date         : Mon Oct 24 14:06:14 2022
| Host         : DESKTOP-2FOCHV5 running 64-bit major release  (build 9200)
| Command      : report_control_sets -verbose -file NEXYS4_DDR_control_sets_placed.rpt
| Design       : NEXYS4_DDR
| Device       : xc7a100t
---------------------------------------------------------------------------------------

Control Set Information

Table of Contents
-----------------
1. Summary
2. Histogram
3. Flip-Flop Distribution
4. Detailed Control Set Information

1. Summary
----------

+----------------------------------------------------------+-------+
|                          Status                          | Count |
+----------------------------------------------------------+-------+
| Total control sets                                       |   357 |
|    Minimum number of control sets                        |    77 |
|    Addition due to synthesis replication                 |     0 |
|    Addition due to physical synthesis replication        |   280 |
| Unused register locations in slices containing registers |  1278 |
+----------------------------------------------------------+-------+
* Control sets can be merged at opt_design using control_set_merge or merge_equivalent_drivers
** Run report_qor_suggestions for automated merging and remapping suggestions


2. Histogram
------------

+--------------------+-------+
|       Fanout       | Count |
+--------------------+-------+
| Total control sets |   357 |
| >= 0 to < 4        |   115 |
| >= 4 to < 6        |   126 |
| >= 6 to < 8        |    45 |
| >= 8 to < 10       |    24 |
| >= 10 to < 12      |     3 |
| >= 12 to < 14      |     2 |
| >= 14 to < 16      |     3 |
| >= 16              |    39 |
+--------------------+-------+
* Control sets can be remapped at either synth_design or opt_design


3. Flip-Flop Distribution
-------------------------

+--------------+-----------------------+------------------------+-----------------+--------------+
| Clock Enable | Synchronous Set/Reset | Asynchronous Set/Reset | Total Registers | Total Slices |
+--------------+-----------------------+------------------------+-----------------+--------------+
| No           | No                    | No                     |              60 |           37 |
| No           | No                    | Yes                    |               4 |            1 |
| No           | Yes                   | No                     |             395 |          181 |
| Yes          | No                    | No                     |             145 |           69 |
| Yes          | No                    | Yes                    |               0 |            0 |
| Yes          | Yes                   | No                     |            2070 |          869 |
+--------------+-----------------------+------------------------+-----------------+--------------+


4. Detailed Control Set Information
-----------------------------------

+------------------------+------------------------------------------------------------------------------------------------------------+----------------------------------------------------------------------------------+------------------+----------------+
|      Clock Signal      |                                                Enable Signal                                               |                                 Set/Reset Signal                                 | Slice Load Count | Bel Load Count |
+------------------------+------------------------------------------------------------------------------------------------------------+----------------------------------------------------------------------------------+------------------+----------------+
|  sys_clk/inst/clk_out1 | sigma/sigma_tile/riscv/gensticky_genpsticky_glbl_regfile[11][31]_i_1_n_0                                   | sigma/sigma_tile/sfr/core_reset_o_reg_0_repN_3                                   |                1 |              1 |
|  sys_clk/inst/clk_out1 | sigma/sigma_tile/riscv/gensticky_genpsticky_glbl_regfile[2][31]_i_1_n_0                                    | sigma/sigma_tile/sfr/core_reset_o_reg_0_repN                                     |                1 |              1 |
|  sys_clk/inst/clk_out1 | sigma/sigma_tile/riscv/gensticky_genpsticky_glbl_regfile[2][31]_i_1_n_0                                    | sigma/sigma_tile/sfr/core_reset_o_reg_0_repN_3                                   |                1 |              1 |
|  sys_clk/inst/clk_out1 | sigma/sigma_tile/riscv/gensticky_genpsticky_glbl_regfile[9][31]_i_1_n_0                                    | sigma/sigma_tile/sfr/core_reset_o_reg_0_repN_4                                   |                1 |              1 |
|  sys_clk/inst/clk_out1 | sigma/sigma_tile/riscv/gensticky_genpsticky_glbl_regfile[20][31]_i_1_n_0                                   | sigma/sigma_tile/sfr/core_reset_o_reg_0_repN_4                                   |                1 |              1 |
|  sys_clk/inst/clk_out1 |                                                                                                            | sigma/sigma_tile/sfr/core_reset_o_reg_0                                          |                1 |              1 |
|  sys_clk/inst/clk_out1 | sigma/sigma_tile/riscv/gensticky_genpsticky_glbl_regfile[3][31]_i_1_n_0                                    | sigma/sigma_tile/sfr/core_reset_o_reg_0_repN_3                                   |                1 |              1 |
|  sys_clk/inst/clk_out1 | sigma/sigma_tile/riscv/gensticky_genpsticky_glbl_regfile[27][31]_i_1_n_0                                   | sigma/sigma_tile/sfr/core_reset_o_reg_0_repN_4                                   |                1 |              1 |
|  sys_clk/inst/clk_out1 | sigma/sigma_tile/riscv/gensticky_genpsticky_glbl_regfile[3][31]_i_1_n_0                                    | sigma/sigma_tile/sfr/core_reset_o_reg_0_repN                                     |                1 |              1 |
|  sys_clk/inst/clk_out1 | sigma/sigma_tile/riscv/gensticky_genpsticky_glbl_regfile[16][31]_i_1_n_0                                   | sigma/sigma_tile/sfr/core_reset_o_reg_0_repN                                     |                1 |              1 |
|  sys_clk/inst/clk_out1 | sigma/sigma_tile/riscv/gensticky_genpsticky_glbl_regfile[19][31]_i_1_n_0                                   | sigma/sigma_tile/sfr/core_reset_o_reg_0_repN                                     |                1 |              1 |
|  sys_clk/inst/clk_out1 | sigma/sigma_tile/riscv/gensticky_genpsticky_glbl_regfile[9][31]_i_1_n_0                                    | sigma/sigma_tile/sfr/core_reset_o_reg_0_repN                                     |                1 |              1 |
|  sys_clk/inst/clk_out1 | sigma/sigma_tile/riscv/gensticky_genpsticky_glbl_regfile[16][31]_i_1_n_0                                   | sigma/sigma_tile/sfr/core_reset_o_reg_0_repN_4                                   |                1 |              1 |
|  sys_clk/inst/clk_out1 | sigma/sigma_tile/riscv/gensticky_genpsticky_glbl_regfile[9][31]_i_1_n_0                                    | sigma/sigma_tile/sfr/core_reset_o_reg_0_repN_3                                   |                1 |              1 |
|  sys_clk/inst/clk_out1 | sigma/sigma_tile/riscv/gensticky_genpsticky_glbl_regfile[26][31]_i_1_n_0                                   | sigma/sigma_tile/sfr/core_reset_o_reg_0_repN                                     |                1 |              1 |
|  sys_clk/inst/clk_out1 | sigma/sigma_tile/riscv/gensticky_genpsticky_glbl_regfile[31][31]_i_1_n_0                                   | sigma/sigma_tile/sfr/core_reset_o_reg_0_repN                                     |                1 |              1 |
|  sys_clk/inst/clk_out1 | sigma/sigma_tile/riscv/gensticky_genpsticky_glbl_regfile[4][31]_i_1_n_0                                    | sigma/sigma_tile/sfr/core_reset_o_reg_0_repN_8                                   |                1 |              1 |
|  sys_clk/inst/clk_out1 | sigma/sigma_tile/riscv/gensticky_genpsticky_glbl_regfile[31][31]_i_1_n_0                                   | sigma/sigma_tile/sfr/core_reset_o_reg_0_repN_4                                   |                1 |              1 |
|  sys_clk/inst/clk_out1 | sigma/sigma_tile/riscv/gensticky_genpsticky_glbl_regfile[5][31]_i_1_n_0                                    | sigma/sigma_tile/sfr/core_reset_o_reg_0_repN                                     |                1 |              1 |
|  sys_clk/inst/clk_out1 | sigma/sigma_tile/riscv/gensticky_genpsticky_glbl_regfile[23][31]_i_1_n_0                                   | sigma/sigma_tile/sfr/core_reset_o_reg_0_repN                                     |                1 |              1 |
|  sys_clk/inst/clk_out1 | sigma/sigma_tile/riscv/gensticky_genpsticky_glbl_regfile[8][31]_i_1_n_0                                    | sigma/sigma_tile/sfr/core_reset_o_reg_0_repN_4                                   |                1 |              1 |
|  sys_clk/inst/clk_out1 | sigma/sigma_tile/riscv/gensticky_genpsticky_glbl_regfile[23][31]_i_1_n_0                                   | sigma/sigma_tile/sfr/core_reset_o_reg_0_repN_4                                   |                1 |              1 |
|  sys_clk/inst/clk_out1 | sigma/sigma_tile/riscv/gensticky_genpsticky_glbl_regfile[14][31]_i_1_n_0                                   | sigma/sigma_tile/sfr/core_reset_o_reg_0_repN_4                                   |                1 |              1 |
|  sys_clk/inst/clk_out1 | sigma/sigma_tile/riscv/gensticky_genpsticky_glbl_regfile[10][31]_i_1_n_0                                   | sigma/sigma_tile/sfr/core_reset_o_reg_0_repN                                     |                1 |              1 |
|  sys_clk/inst/clk_out1 | sigma/sigma_tile/riscv/gensticky_genpsticky_glbl_regfile[26][31]_i_1_n_0                                   | sigma/sigma_tile/sfr/core_reset_o_reg_0_repN_4                                   |                1 |              1 |
|  sys_clk/inst/clk_out1 | sigma/sigma_tile/riscv/gensticky_genpsticky_glbl_regfile[11][31]_i_1_n_0                                   | sigma/sigma_tile/sfr/core_reset_o_reg_0_repN                                     |                1 |              1 |
|  sys_clk/inst/clk_out1 | sigma/sigma_tile/riscv/gensticky_genpsticky_glbl_regfile[8][31]_i_1_n_0                                    | sigma/sigma_tile/sfr/core_reset_o_reg_0_repN                                     |                1 |              1 |
|  sys_clk/inst/clk_out1 | sigma/sigma_tile/riscv/gensticky_genpsticky_glbl_regfile[8][31]_i_1_n_0                                    | sigma/sigma_tile/sfr/core_reset_o_reg_0_repN_3                                   |                1 |              1 |
|  sys_clk/inst/clk_out1 | sigma/sigma_tile/riscv/gensticky_genpsticky_glbl_regfile[14][31]_i_1_n_0                                   | sigma/sigma_tile/sfr/core_reset_o_reg_0_repN                                     |                1 |              1 |
|  sys_clk/inst/clk_out1 | sigma/sigma_tile/riscv/gensticky_genpsticky_glbl_regfile[7][31]_i_1_n_0                                    | sigma/sigma_tile/sfr/core_reset_o_reg_0_repN_7                                   |                1 |              1 |
|  sys_clk/inst/clk_out1 | sigma/sigma_tile/riscv/gensticky_genpsticky_glbl_regfile[7][31]_i_1_n_0                                    | sigma/sigma_tile/sfr/core_reset_o_reg_0_repN                                     |                1 |              1 |
|  sys_clk/inst/clk_out1 | sigma/sigma_tile/riscv/gensticky_genpsticky_glbl_regfile[6][31]_i_1_n_0                                    | sigma/sigma_tile/sfr/core_reset_o_reg_0_repN                                     |                1 |              1 |
|  sys_clk/inst/clk_out1 | sigma/sigma_tile/riscv/gensticky_genpsticky_glbl_regfile[10][31]_i_1_n_0                                   | sigma/sigma_tile/sfr/core_reset_o_reg_0_repN_4                                   |                1 |              1 |
|  sys_clk/inst/clk_out1 | sigma/sigma_tile/riscv/gensticky_genpsticky_glbl_regfile[29][31]_i_1_n_0                                   | sigma/sigma_tile/sfr/core_reset_o_reg_0_repN                                     |                1 |              1 |
|  sys_clk/inst/clk_out1 | sigma/sigma_tile/riscv/gensticky_genpsticky_glbl_regfile[6][31]_i_1_n_0                                    | sigma/sigma_tile/sfr/core_reset_o_reg_0_repN_8                                   |                1 |              1 |
|  sys_clk/inst/clk_out1 | sigma/udm/uart_tx/tx_o_i_1_n_0                                                                             | sigma/reset_sync/Q[0]                                                            |                1 |              1 |
|  sys_clk/inst/clk_out1 | sigma/sigma_tile/riscv/gensticky_genpsticky_glbl_regfile[4][31]_i_1_n_0                                    | sigma/sigma_tile/sfr/core_reset_o_reg_0_repN                                     |                1 |              1 |
|  sys_clk/inst/clk_out1 | sigma/sigma_tile/riscv/gensticky_genpsticky_glbl_regfile[30][31]_i_1_n_0                                   | sigma/sigma_tile/sfr/core_reset_o_reg_0_repN                                     |                1 |              1 |
|  sys_clk/inst/clk_out1 | sigma/sigma_tile/riscv/gensticky_genpsticky_glbl_regfile[12][31]_i_1_n_0                                   | sigma/sigma_tile/sfr/core_reset_o_reg_0_repN_4                                   |                1 |              1 |
|  sys_clk/inst/clk_out1 | sigma/sigma_tile/riscv/gensticky_genpsticky_glbl_regfile[29][31]_i_1_n_0                                   | sigma/sigma_tile/sfr/core_reset_o_reg_0_repN_4                                   |                1 |              1 |
|  sys_clk/inst/clk_out1 | sigma/sigma_tile/riscv/gensticky_genpsticky_glbl_regfile[28][31]_i_1_n_0                                   | sigma/sigma_tile/sfr/core_reset_o_reg_0_repN                                     |                1 |              1 |
|  sys_clk/inst/clk_out1 | sigma/sigma_tile/riscv/gensticky_genpsticky_glbl_regfile[12][31]_i_1_n_0                                   | sigma/sigma_tile/sfr/core_reset_o_reg_0_repN                                     |                1 |              1 |
|  sys_clk/inst/clk_out1 | sigma/sigma_tile/riscv/gensticky_genpsticky_glbl_regfile[22][31]_i_1_n_0                                   | sigma/sigma_tile/sfr/core_reset_o_reg_0_repN_4                                   |                1 |              1 |
|  sys_clk/inst/clk_out1 | sigma/sigma_tile/riscv/gensticky_genpsticky_glbl_regfile[15][31]_i_1_n_0                                   | sigma/sigma_tile/sfr/core_reset_o_reg_0_repN_4                                   |                1 |              1 |
|  sys_clk/inst/clk_out1 | sigma/sigma_tile/riscv/gensticky_genpsticky_glbl_regfile[28][31]_i_1_n_0                                   | sigma/sigma_tile/sfr/core_reset_o_reg_0_repN_4                                   |                1 |              1 |
|  sys_clk/inst/clk_out1 | sigma/sigma_tile/riscv/gensticky_genpsticky_glbl_regfile[15][31]_i_1_n_0                                   | sigma/sigma_tile/sfr/core_reset_o_reg_0_repN                                     |                1 |              1 |
|  sys_clk/inst/clk_out1 | sigma/sigma_tile/riscv/gensticky_genpsticky_glbl_regfile[30][31]_i_1_n_0                                   | sigma/sigma_tile/sfr/core_reset_o_reg_0_repN_4                                   |                1 |              1 |
|  sys_clk/inst/clk_out1 | sigma/sigma_tile/riscv/gensticky_genpsticky_glbl_regfile[30][31]_i_1_n_0                                   | sigma/sigma_tile/sfr/core_reset_o_reg_0                                          |                1 |              1 |
|  sys_clk/inst/clk_out1 | sigma/sigma_tile/riscv/gensticky_genpsticky_glbl_regfile[17][31]_i_1_n_0                                   | sigma/sigma_tile/sfr/core_reset_o_reg_0_repN_4                                   |                1 |              1 |
|  sys_clk/inst/clk_out1 | sigma/sigma_tile/riscv/gensticky_genpsticky_glbl_regfile[25][31]_i_1_n_0                                   | sigma/sigma_tile/sfr/core_reset_o_reg_0_repN                                     |                1 |              1 |
|  sys_clk/inst/clk_out1 | sigma/sigma_tile/riscv/gensticky_genpsticky_glbl_regfile[17][31]_i_1_n_0                                   | sigma/sigma_tile/sfr/core_reset_o_reg_0_repN                                     |                1 |              1 |
|  sys_clk/inst/clk_out1 | sigma/sigma_tile/riscv/gensticky_genpsticky_glbl_regfile[18][31]_i_1_n_0                                   | sigma/sigma_tile/sfr/core_reset_o_reg_0                                          |                1 |              1 |
|  sys_clk/inst/clk_out1 | sigma/sigma_tile/riscv/gensticky_genpsticky_glbl_regfile[18][31]_i_1_n_0                                   | sigma/sigma_tile/sfr/core_reset_o_reg_0_repN_4                                   |                1 |              1 |
|  sys_clk/inst/clk_out1 | sigma/sigma_tile/riscv/gensticky_genpsticky_glbl_regfile[18][31]_i_1_n_0                                   | sigma/sigma_tile/sfr/core_reset_o_reg_0_repN                                     |                1 |              1 |
|  sys_clk/inst/clk_out1 | sigma/sigma_tile/riscv/gensticky_genpsticky_glbl_regfile[22][31]_i_1_n_0                                   | sigma/sigma_tile/sfr/core_reset_o_reg_0_repN                                     |                1 |              1 |
|  sys_clk/inst/clk_out1 | sigma/sigma_tile/riscv/gensticky_genpsticky_glbl_regfile[11][31]_i_1_n_0                                   | sigma/sigma_tile/sfr/core_reset_o_reg_0_repN_4                                   |                1 |              1 |
|  sys_clk/inst/clk_out1 | sigma/sigma_tile/riscv/gensticky_genpsticky_glbl_regfile[13][31]_i_1_n_0                                   | sigma/sigma_tile/sfr/core_reset_o_reg_0_repN_4                                   |                1 |              1 |
|  sys_clk/inst/clk_out1 | sigma/sigma_tile/riscv/gensticky_genpsticky_glbl_regfile[1][31]_i_1_n_0                                    | sigma/sigma_tile/sfr/core_reset_o_reg_0_repN                                     |                1 |              1 |
|  sys_clk/inst/clk_out1 | sigma/sigma_tile/riscv/gensticky_genpsticky_glbl_regfile[13][31]_i_1_n_0                                   | sigma/sigma_tile/sfr/core_reset_o_reg_0_repN                                     |                1 |              1 |
|  sys_clk/inst/clk_out1 | sigma/sigma_tile/riscv/gensticky_genpsticky_glbl_regfile[24][31]_i_1_n_0                                   | sigma/sigma_tile/sfr/core_reset_o_reg_0_repN_4                                   |                1 |              1 |
|  sys_clk/inst/clk_out1 | sigma/sigma_tile/riscv/gensticky_genpsticky_glbl_regfile[25][31]_i_1_n_0                                   | sigma/sigma_tile/sfr/core_reset_o_reg_0_repN_4                                   |                1 |              1 |
|  sys_clk/inst/clk_out1 | sigma/sigma_tile/riscv/gensticky_genpstage_EXEC_TRX_BUF[0][custom0_ext_req][0]_i_1_n_0                     | sigma/sigma_tile/sfr/core_reset_o_reg_0_repN                                     |                1 |              1 |
|  sys_clk/inst/clk_out1 | sigma/sigma_tile/riscv/gensticky_genpsticky_glbl_regfile[21][31]_i_1_n_0                                   | sigma/sigma_tile/sfr/core_reset_o_reg_0_repN                                     |                1 |              1 |
|  sys_clk/inst/clk_out1 | sigma/sigma_tile/riscv/gensticky_genpsticky_glbl_regfile[21][31]_i_1_n_0                                   | sigma/sigma_tile/sfr/core_reset_o_reg_0_repN_7                                   |                1 |              1 |
|  sys_clk/inst/clk_out1 | sigma/sigma_tile/riscv/gensticky_genpsticky_glbl_regfile[21][31]_i_1_n_0                                   | sigma/sigma_tile/sfr/core_reset_o_reg_0_repN_4                                   |                1 |              1 |
|  sys_clk/inst/clk_out1 | sigma/sigma_tile/riscv/gensticky_genpsticky_glbl_regfile[24][31]_i_1_n_0                                   | sigma/sigma_tile/sfr/core_reset_o_reg_0_repN                                     |                1 |              1 |
|  sys_clk/inst/clk_out1 | sigma/sigma_tile/riscv/gensticky_genpsticky_glbl_regfile[27][31]_i_1_n_0                                   | sigma/sigma_tile/sfr/core_reset_o_reg_0_repN                                     |                1 |              1 |
|  sys_clk/inst/clk_out1 | sigma/sigma_tile/riscv/gensticky_genpsticky_glbl_regfile[20][31]_i_1_n_0                                   | sigma/sigma_tile/sfr/core_reset_o_reg_0_repN                                     |                1 |              1 |
|  sys_clk/inst/clk_out1 | sigma/sigma_tile/riscv/gensticky_genpstage_MEMWB_TRX_BUF[0][genmcopipe_handle_coproc_M_if][tid][1]_i_1_n_0 | sigma/sigma_tile/sfr/core_reset_o_reg_0_repN_7                                   |                1 |              2 |
|  sys_clk/inst/clk_out1 | sigma/sigma_tile/riscv/gensticky_genpsticky_glbl_regfile[9][31]_i_1_n_0                                    | sigma/sigma_tile/sfr/core_reset_o_reg_0_repN_7                                   |                1 |              2 |
|  sys_clk/inst/clk_out1 | sigma/sigma_tile/riscv/gensticky_genpsticky_glbl_regfile[3][31]_i_1_n_0                                    | sigma/sigma_tile/sfr/core_reset_o_reg_0_repN_8                                   |                1 |              2 |
|  sys_clk/inst/clk_out1 | sigma/sigma_tile/riscv/gensticky_genpsticky_glbl_regfile[10][31]_i_1_n_0                                   | sigma/sigma_tile/sfr/core_reset_o_reg_0_repN_7                                   |                1 |              2 |
|  sys_clk/inst/clk_out1 | sigma/sigma_tile/riscv/gensticky_genpstage_MEMWB_TRX_BUF[0][genmcopipe_handle_coproc_M_if][tid][1]_i_1_n_0 | sigma/sigma_tile/sfr/core_reset_o_reg_0_repN_8                                   |                1 |              2 |
|  sys_clk/inst/clk_out1 | sigma/sigma_tile/riscv/gensticky_genpsticky_glbl_regfile[30][31]_i_1_n_0                                   | sigma/sigma_tile/sfr/core_reset_o_reg_0_repN_9                                   |                1 |              2 |
|  sys_clk/inst/clk_out1 | sigma/sigma_tile/riscv/gensticky_genpsticky_glbl_regfile[1][31]_i_1_n_0                                    | sigma/sigma_tile/sfr/core_reset_o_reg_0_repN_8                                   |                1 |              2 |
|  sys_clk/inst/clk_out1 | sigma/sigma_tile/riscv/gensticky_genpsticky_glbl_regfile[19][31]_i_1_n_0                                   | sigma/sigma_tile/sfr/core_reset_o_reg_0_repN_4                                   |                1 |              2 |
|  sys_clk/inst/clk_out1 | sigma/sigma_tile/riscv/gensticky_genpstage_IDECODE_TRX_BUF[0][curinstr_addr][31]_i_1_n_0                   | sigma/sigma_tile/sfr/core_reset_o_reg_0_repN_1                                   |                1 |              2 |
|  sys_clk/inst/clk_out1 | sigma/sigma_tile/riscv/gensticky_genpstage_MEMWB_TRX_BUF[0][genmcopipe_handle_coproc_M_if][tid][1]_i_1_n_0 | sigma/sigma_tile/sfr/core_reset_o_reg_0                                          |                2 |              2 |
|  sys_clk/inst/clk_out1 | sigma/sigma_tile/riscv/gensticky_genpsticky_glbl_regfile[29][31]_i_1_n_0                                   | sigma/sigma_tile/sfr/core_reset_o_reg_0_repN_7                                   |                2 |              2 |
|  sys_clk/inst/clk_out1 | sigma/sigma_tile/riscv/gensticky_genpsticky_glbl_regfile[16][31]_i_1_n_0                                   | sigma/sigma_tile/sfr/core_reset_o_reg_0_repN_7                                   |                2 |              2 |
|  sys_clk/inst/clk_out1 | sigma/sigma_tile/riscv/gensticky_genpsticky_glbl_regfile[23][31]_i_1_n_0                                   | sigma/sigma_tile/sfr/core_reset_o_reg_0_repN_7                                   |                1 |              2 |
|  sys_clk/inst/clk_out1 | sigma/sigma_tile/riscv/gensticky_genpsticky_glbl_regfile[22][31]_i_1_n_0                                   | sigma/sigma_tile/sfr/core_reset_o_reg_0_repN_7                                   |                1 |              2 |
|  sys_clk/inst/clk_out1 | sigma/sigma_tile/riscv/gensticky_genpsticky_glbl_regfile[2][31]_i_1_n_0                                    | sigma/sigma_tile/sfr/core_reset_o_reg_0_repN_8                                   |                1 |              2 |
|  sys_clk/inst/clk_out1 | sigma/sigma_tile/riscv/gensticky_genpsticky_glbl_regfile[25][31]_i_1_n_0                                   | sigma/sigma_tile/sfr/core_reset_o_reg_0_repN_7                                   |                1 |              2 |
|  sys_clk/inst/clk_out1 | sigma/sigma_tile/riscv/gensticky_genpsticky_glbl_regfile[5][31]_i_1_n_0                                    | sigma/sigma_tile/sfr/core_reset_o_reg_0_repN_8                                   |                1 |              2 |
|  sys_clk/inst/clk_out1 | sigma/sigma_tile/riscv/gensticky_genpsticky_glbl_regfile[12][31]_i_1_n_0                                   | sigma/sigma_tile/sfr/core_reset_o_reg_0_repN_7                                   |                1 |              2 |
|  sys_clk/inst/clk_out1 | sigma/sigma_tile/riscv/gensticky_genpsticky_glbl_regfile[26][31]_i_1_n_0                                   | sigma/sigma_tile/sfr/core_reset_o_reg_0_repN_7                                   |                1 |              3 |
|  sys_clk/inst/clk_out1 | sigma/sigma_tile/riscv/gensticky_genpsticky_glbl_regfile[1][31]_i_1_n_0                                    | sigma/sigma_tile/sfr/core_reset_o_reg_0_repN_4                                   |                2 |              3 |
|  sys_clk/inst/clk_out1 | sigma/sigma_tile/riscv/gensticky_genpsticky_glbl_regfile[14][31]_i_1_n_0                                   | sigma/sigma_tile/sfr/core_reset_o_reg_0_repN_7                                   |                1 |              3 |
|  sys_clk/inst/clk_out1 | sigma/sigma_tile/riscv/gensticky_genpsticky_glbl_regfile[13][31]_i_1_n_0                                   | sigma/sigma_tile/sfr/core_reset_o_reg_0_repN_9                                   |                2 |              3 |
|  sys_clk/inst/clk_out1 | sigma/sigma_tile/riscv/gensticky_genpsticky_glbl_regfile[24][31]_i_1_n_0                                   | sigma/sigma_tile/sfr/core_reset_o_reg_0_repN_5                                   |                3 |              3 |
|  sys_clk/inst/clk_out1 | sigma/sigma_tile/riscv/gensticky_genpsticky_glbl_regfile[11][31]_i_1_n_0                                   | sigma/sigma_tile/sfr/core_reset_o_reg_0_repN_1                                   |                2 |              3 |
|  sys_clk/inst/clk_out1 | sigma/sigma_tile/riscv/gensticky_genpsticky_glbl_regfile[2][31]_i_1_n_0                                    | sigma/sigma_tile/sfr/core_reset_o_reg_0_repN_4                                   |                3 |              3 |
|  sys_clk/inst/clk_out1 | sigma/sigma_tile/riscv/gensticky_genpsticky_glbl_regfile[3][31]_i_1_n_0                                    | sigma/sigma_tile/sfr/core_reset_o_reg_0_repN_1                                   |                2 |              3 |
|  sys_clk/inst/clk_out1 | sigma/sigma_tile/riscv/gensticky_genpsticky_glbl_regfile[2][31]_i_1_n_0                                    | sigma/sigma_tile/sfr/core_reset_o_reg_0_repN_1                                   |                3 |              3 |
|  sys_clk/inst/clk_out1 | sigma/sigma_tile/riscv/gensticky_genpsticky_glbl_regfile[20][31]_i_1_n_0                                   | sigma/sigma_tile/sfr/core_reset_o_reg_0_repN_7                                   |                1 |              3 |
|  sys_clk/inst/clk_out1 | sigma/sigma_tile/riscv/gensticky_genpsticky_glbl_regfile[19][31]_i_1_n_0                                   | sigma/sigma_tile/sfr/core_reset_o_reg_0_repN_7                                   |                2 |              3 |
|  sys_clk/inst/clk_out1 | sigma/sigma_tile/riscv/gensticky_genpsticky_glbl_regfile[17][31]_i_1_n_0                                   | sigma/sigma_tile/sfr/core_reset_o_reg_0_repN_9                                   |                1 |              3 |
|  sys_clk/inst/clk_out1 | sigma/sigma_tile/riscv/gensticky_genpsticky_glbl_regfile[15][31]_i_1_n_0                                   | sigma/sigma_tile/sfr/core_reset_o_reg_0_repN_7                                   |                2 |              3 |
|  sys_clk/inst/clk_out1 | sigma/sigma_tile/riscv/gensticky_genpsticky_glbl_regfile[27][31]_i_1_n_0                                   | sigma/sigma_tile/sfr/core_reset_o_reg_0_repN_7                                   |                2 |              3 |
|  sys_clk/inst/clk_out1 | sigma/sigma_tile/riscv/gensticky_genpsticky_glbl_regfile[9][31]_i_1_n_0                                    | sigma/sigma_tile/sfr/core_reset_o_reg_0_repN_1                                   |                3 |              3 |
|  sys_clk/inst/clk_out1 | sigma/sigma_tile/riscv/gensticky_genpsticky_glbl_regfile[4][31]_i_1_n_0                                    | sigma/sigma_tile/sfr/core_reset_o_reg_0_repN_4                                   |                3 |              3 |
|  sys_clk/inst/clk_out1 |                                                                                                            | sigma/sigma_tile/sfr/core_reset_o_reg_0_repN_7                                   |                2 |              3 |
|  sys_clk/inst/clk_out1 | sigma/sigma_tile/riscv/gensticky_genpsticky_glbl_regfile[5][31]_i_1_n_0                                    | sigma/sigma_tile/sfr/core_reset_o_reg_0_repN_4                                   |                3 |              3 |
|  sys_clk/inst/clk_out1 | sigma/sigma_tile/riscv/gensticky_genpsticky_glbl_regfile[3][31]_i_1_n_0                                    | sigma/sigma_tile/sfr/core_reset_o_reg_0_repN_4                                   |                3 |              3 |
|  sys_clk/inst/clk_out1 | sigma/sigma_tile/riscv/gensticky_genpsticky_glbl_regfile[8][31]_i_1_n_0                                    | sigma/sigma_tile/sfr/core_reset_o_reg_0_repN_7                                   |                1 |              3 |
|  sys_clk/inst/clk_out1 | sigma/sigma_tile/riscv/gensticky_genpsticky_glbl_regfile[8][31]_i_1_n_0                                    | sigma/sigma_tile/sfr/core_reset_o_reg_0_repN_1                                   |                3 |              3 |
|  sys_clk/inst/clk_out1 | sigma/sigma_tile/riscv/gensticky_genpsticky_glbl_regfile[7][31]_i_1_n_0                                    | sigma/sigma_tile/sfr/core_reset_o_reg_0_repN_4                                   |                3 |              3 |
|  sys_clk/inst/clk_out1 | sigma/sigma_tile/riscv/gensticky_genpsticky_glbl_regfile[28][31]_i_1_n_0                                   | sigma/sigma_tile/sfr/core_reset_o_reg_0_repN_7                                   |                2 |              3 |
|  sys_clk/inst/clk_out1 | sigma/sigma_tile/riscv/gensticky_genpsticky_glbl_regfile[19][31]_i_1_n_0                                   | sigma/sigma_tile/sfr/core_reset_o_reg_0_repN_8                                   |                2 |              3 |
|  sys_clk/inst/clk_out1 | sigma/sigma_tile/riscv/gensticky_genpsticky_glbl_regfile[7][31]_i_1_n_0                                    | sigma/sigma_tile/sfr/core_reset_o_reg_0_repN_8                                   |                3 |              3 |
|  sys_clk/inst/clk_out1 | sigma/sigma_tile/riscv/gensticky_genpsticky_glbl_regfile[6][31]_i_1_n_0                                    | sigma/sigma_tile/sfr/core_reset_o_reg_0_repN_4                                   |                2 |              3 |
|  sys_clk/inst/clk_out1 | sigma/sigma_tile/riscv/gensticky_genpsticky_glbl_regfile[25][31]_i_1_n_0                                   | sigma/sigma_tile/sfr/core_reset_o_reg_0_repN_5                                   |                2 |              3 |
|  sys_clk/inst/clk_out1 | sigma/sigma_tile/riscv/gensticky_genpsticky_glbl_regfile[11][31]_i_1_n_0                                   | sigma/sigma_tile/sfr/core_reset_o_reg_0_repN_7                                   |                2 |              3 |
|  sys_clk/inst/clk_out1 | sigma/sigma_tile/riscv/gensticky_genpsticky_glbl_regfile[13][31]_i_1_n_0                                   | sigma/sigma_tile/sfr/core_reset_o_reg_0_repN_7                                   |                1 |              3 |
|  sys_clk/inst/clk_out1 | sigma/sigma_tile/riscv/bus1_addr_buf_reg[13]_2                                                             |                                                                                  |                1 |              4 |
|  sys_clk/inst/clk_out1 | sigma/sigma_tile/riscv/bus1_addr_buf_reg[13]_3                                                             |                                                                                  |                1 |              4 |
|  sys_clk/inst/clk_out1 | sigma/sigma_tile/riscv/bus_we_o_reg_2                                                                      |                                                                                  |                1 |              4 |
|  sys_clk/inst/clk_out1 | sigma/sigma_tile/riscv/bus_we_o_reg_4                                                                      |                                                                                  |                1 |              4 |
|  sys_clk/inst/clk_out1 | sigma/sigma_tile/riscv/bus1_addr_buf_reg[14]_0                                                             |                                                                                  |                1 |              4 |
|  sys_clk/inst/clk_out1 | sigma/sigma_tile/riscv/bus_we_o_reg_7                                                                      |                                                                                  |                1 |              4 |
|  sys_clk/inst/clk_out1 | sigma/sigma_tile/riscv/bus1_addr_buf_reg[14]                                                               |                                                                                  |                1 |              4 |
|  sys_clk/inst/clk_out1 | sigma/sigma_tile/riscv/bus_we_o_reg_5                                                                      |                                                                                  |                1 |              4 |
|  sys_clk/inst/clk_out1 | sigma/sigma_tile/riscv/gensticky_genpsticky_glbl_regfile[21][31]_i_1_n_0                                   | sigma/sigma_tile/sfr/core_reset_o_reg_0_repN_1                                   |                3 |              4 |
|  sys_clk/inst/clk_out1 | sigma/sigma_tile/riscv/gensticky_genpsticky_glbl_regfile[20][31]_i_1_n_0                                   | sigma/sigma_tile/sfr/core_reset_o_reg_0_repN_8                                   |                2 |              4 |
|  sys_clk/inst/clk_out1 | sigma/sigma_tile/riscv/gensticky_genpsticky_glbl_regfile[26][31]_i_1_n_0                                   | sigma/sigma_tile/sfr/core_reset_o_reg_0_repN_1                                   |                3 |              4 |
|  sys_clk/inst/clk_out1 | sigma/sigma_tile/riscv/gensticky_genpsticky_glbl_regfile[19][31]_i_1_n_0                                   | sigma/sigma_tile/sfr/core_reset_o_reg_0_repN_1                                   |                2 |              4 |
|  sys_clk/inst/clk_out1 | sigma/sigma_tile/riscv/gensticky_genpsticky_glbl_regfile[29][31]_i_1_n_0                                   | sigma/sigma_tile/sfr/core_reset_o_reg_0_repN_9                                   |                2 |              4 |
|  sys_clk/inst/clk_out1 | sigma/sigma_tile/riscv/gensticky_genpsticky_glbl_regfile[3][31]_i_1_n_0                                    | sigma/sigma_tile/sfr/core_reset_o_reg_0_repN_7                                   |                2 |              4 |
|  sys_clk/inst/clk_out1 | sigma/sigma_tile/riscv/gensticky_genpsticky_glbl_regfile[14][31]_i_1_n_0                                   | sigma/sigma_tile/sfr/core_reset_o_reg_0_repN_1                                   |                3 |              4 |
|  sys_clk/inst/clk_out1 | sigma/sigma_tile/riscv/gensticky_genpsticky_glbl_regfile[14][31]_i_1_n_0                                   | sigma/sigma_tile/sfr/core_reset_o_reg_0_repN_8                                   |                2 |              4 |
|  sys_clk/inst/clk_out1 | sigma/sigma_tile/riscv/gensticky_genpsticky_glbl_regfile[29][31]_i_1_n_0                                   | sigma/sigma_tile/sfr/core_reset_o_reg_0_repN_8                                   |                3 |              4 |
|  sys_clk/inst/clk_out1 | sigma/sigma_tile/riscv/gensticky_genpsticky_glbl_regfile[3][31]_i_1_n_0                                    | sigma/sigma_tile/sfr/core_reset_o_reg_0_repN_6                                   |                1 |              4 |
|  sys_clk/inst/clk_out1 | sigma/sigma_tile/riscv/gensticky_genpsticky_glbl_regfile[31][31]_i_1_n_0                                   | sigma/sigma_tile/sfr/core_reset_o_reg_0_repN_8                                   |                4 |              4 |
|  sys_clk/inst/clk_out1 | sigma/sigma_tile/riscv/gensticky_genpsticky_glbl_regfile[25][31]_i_1_n_0                                   | sigma/sigma_tile/sfr/core_reset_o_reg_0_repN_1                                   |                2 |              4 |
|  sys_clk/inst/clk_out1 | sigma/sigma_tile/riscv/gensticky_genpsticky_glbl_regfile[22][31]_i_1_n_0                                   | sigma/sigma_tile/sfr/core_reset_o_reg_0_repN_8                                   |                1 |              4 |
|  sys_clk/inst/clk_out1 | sigma/sigma_tile/riscv/gensticky_genpsticky_glbl_regfile[31][31]_i_1_n_0                                   | sigma/sigma_tile/sfr/core_reset_o_reg_0_repN_1                                   |                4 |              4 |
|  sys_clk/inst/clk_out1 | sigma/sigma_tile/riscv/gensticky_genpsticky_glbl_regfile[31][31]_i_1_n_0                                   | sigma/sigma_tile/sfr/core_reset_o_reg_0_repN_7                                   |                2 |              4 |
|  sys_clk/inst/clk_out1 | sigma/sigma_tile/riscv/gensticky_genpsticky_glbl_regfile[10][31]_i_1_n_0                                   | sigma/sigma_tile/sfr/core_reset_o_reg_0_repN_9                                   |                1 |              4 |
|  sys_clk/inst/clk_out1 | sigma/sigma_tile/riscv/gensticky_genpsticky_glbl_regfile[23][31]_i_1_n_0                                   | sigma/sigma_tile/sfr/core_reset_o_reg_0_repN_8                                   |                2 |              4 |
|  sys_clk/inst/clk_out1 | sigma/sigma_tile/riscv/gensticky_genpsticky_glbl_regfile[17][31]_i_1_n_0                                   | sigma/sigma_tile/sfr/core_reset_o_reg_0_repN_7                                   |                3 |              4 |
|  sys_clk/inst/clk_out1 | sigma/sigma_tile/riscv/gensticky_genpsticky_glbl_regfile[15][31]_i_1_n_0                                   | sigma/sigma_tile/sfr/core_reset_o_reg_0_repN_6                                   |                3 |              4 |
|  sys_clk/inst/clk_out1 | sigma/sigma_tile/riscv/gensticky_genpsticky_glbl_regfile[11][31]_i_1_n_0                                   | sigma/sigma_tile/sfr/core_reset_o_reg_0_repN_8                                   |                3 |              4 |
|  sys_clk/inst/clk_out1 | sigma/sigma_tile/riscv/gensticky_genpsticky_glbl_regfile[19][31]_i_1_n_0                                   | sigma/sigma_tile/sfr/core_reset_o_reg_0_repN_5                                   |                2 |              4 |
|  sys_clk/inst/clk_out1 |                                                                                                            | sigma/reset_sync/arst                                                            |                1 |              4 |
|  sys_clk/inst/clk_out1 | sigma/sigma_tile/riscv/bus1_addr_buf_reg[13]_0                                                             |                                                                                  |                1 |              4 |
|  sys_clk/inst/clk_out1 | sigma/sigma_tile/riscv/gensticky_genpsticky_glbl_regfile[30][31]_i_1_n_0                                   | sigma/sigma_tile/sfr/core_reset_o_reg_0_repN_8                                   |                3 |              4 |
|  sys_clk/inst/clk_out1 | sigma/sigma_tile/riscv/gensticky_genpsticky_glbl_regfile[1][31]_i_1_n_0                                    | sigma/sigma_tile/sfr/core_reset_o_reg_0_repN_1                                   |                4 |              4 |
|  sys_clk/inst/clk_out1 | sigma/sigma_tile/riscv/gensticky_genpsticky_glbl_regfile[2][31]_i_1_n_0                                    | sigma/sigma_tile/sfr/core_reset_o_reg_0_repN_7                                   |                1 |              4 |
|  sys_clk/inst/clk_out1 | sigma/sigma_tile/riscv/bus1_addr_buf_reg[12]_0                                                             |                                                                                  |                1 |              4 |
|  sys_clk/inst/clk_out1 | sigma/sigma_tile/riscv/bus1_addr_buf_reg[10]_3                                                             |                                                                                  |                1 |              4 |
|  sys_clk/inst/clk_out1 | sigma/sigma_tile/riscv/gensticky_genpsticky_glbl_regfile[17][31]_i_1_n_0                                   | sigma/sigma_tile/sfr/core_reset_o_reg_0_repN_8                                   |                3 |              4 |
|  sys_clk/inst/clk_out1 | sigma/sigma_tile/riscv/bus1_addr_buf_reg[11]_0                                                             |                                                                                  |                1 |              4 |
|  sys_clk/inst/clk_out1 | sigma/sigma_tile/riscv/bus1_addr_buf_reg[11]_1                                                             |                                                                                  |                1 |              4 |
|  sys_clk/inst/clk_out1 | sigma/sigma_tile/riscv/bus1_addr_buf_reg[11]_4                                                             |                                                                                  |                1 |              4 |
|  sys_clk/inst/clk_out1 | sigma/sigma_tile/riscv/bus1_addr_buf_reg[11]_5                                                             |                                                                                  |                1 |              4 |
|  sys_clk/inst/clk_out1 | sigma/sigma_tile/riscv/gensticky_genpsticky_glbl_regfile[30][31]_i_1_n_0                                   | sigma/sigma_tile/sfr/core_reset_o_reg_0_repN_1                                   |                3 |              4 |
|  sys_clk/inst/clk_out1 | sigma/sigma_tile/riscv/bus1_addr_buf_reg[11]                                                               |                                                                                  |                1 |              4 |
|  sys_clk/inst/clk_out1 | sigma/sigma_tile/riscv/gensticky_genpsticky_glbl_regfile[12][31]_i_1_n_0                                   | sigma/sigma_tile/sfr/core_reset_o_reg_0_repN_1                                   |                4 |              4 |
|  sys_clk/inst/clk_out1 | sigma/sigma_tile/riscv/bus1_addr_buf_reg[12]_2                                                             |                                                                                  |                1 |              4 |
|  sys_clk/inst/clk_out1 | sigma/sigma_tile/riscv/gensticky_genpsticky_glbl_regfile[18][31]_i_1_n_0                                   | sigma/sigma_tile/sfr/core_reset_o_reg_0_repN_5                                   |                3 |              4 |
|  sys_clk/inst/clk_out1 | sigma/sigma_tile/riscv/gensticky_genpsticky_glbl_regfile[9][31]_i_1_n_0                                    | sigma/sigma_tile/sfr/core_reset_o_reg_0_repN_8                                   |                3 |              4 |
|  sys_clk/inst/clk_out1 | sigma/sigma_tile/riscv/bus1_addr_buf_reg[12]_3                                                             |                                                                                  |                1 |              4 |
|  sys_clk/inst/clk_out1 | sigma/sigma_tile/riscv/bus1_addr_buf_reg[10]_0                                                             |                                                                                  |                1 |              4 |
|  sys_clk/inst/clk_out1 | sigma/sigma_tile/riscv/bus1_addr_buf_reg[10]_1                                                             |                                                                                  |                1 |              4 |
|  sys_clk/inst/clk_out1 | sigma/sigma_tile/riscv/gensticky_genpsticky_glbl_regfile[4][31]_i_1_n_0                                    | sigma/sigma_tile/sfr/core_reset_o_reg_0_repN_9                                   |                2 |              4 |
|  sys_clk/inst/clk_out1 | sigma/sigma_tile/riscv/bus1_addr_buf_reg[11]_3                                                             |                                                                                  |                1 |              4 |
|  sys_clk/inst/clk_out1 | sigma/sigma_tile/riscv/gensticky_genpsticky_glbl_regfile[5][31]_i_1_n_0                                    | sigma/sigma_tile/sfr/core_reset_o_reg_0_repN_6                                   |                1 |              4 |
|  sys_clk/inst/clk_out1 | sigma/sigma_tile/riscv/gensticky_genpsticky_glbl_regfile[5][31]_i_1_n_0                                    | sigma/sigma_tile/sfr/core_reset_o_reg_0_repN_7                                   |                2 |              4 |
|  sys_clk/inst/clk_out1 | sigma/sigma_tile/riscv/gensticky_genpsticky_glbl_regfile[18][31]_i_1_n_0                                   | sigma/sigma_tile/sfr/core_reset_o_reg_0_repN_7                                   |                1 |              4 |
|  sys_clk/inst/clk_out1 | sigma/sigma_tile/riscv/gensticky_genpsticky_glbl_regfile[5][31]_i_1_n_0                                    | sigma/sigma_tile/sfr/core_reset_o_reg_0_repN_1                                   |                3 |              4 |
|  sys_clk/inst/clk_out1 | sigma/sigma_tile/riscv/bus1_addr_buf_reg[12]_4                                                             |                                                                                  |                1 |              4 |
|  sys_clk/inst/clk_out1 | sigma/sigma_tile/riscv/gensticky_genpsticky_glbl_regfile[15][31]_i_1_n_0                                   | sigma/sigma_tile/sfr/core_reset_o_reg_0_repN_1                                   |                2 |              4 |
|  sys_clk/inst/clk_out1 | sigma/sigma_tile/riscv/bus1_addr_buf_reg[12]_5                                                             |                                                                                  |                1 |              4 |
|  sys_clk/inst/clk_out1 | sigma/sigma_tile/riscv/gensticky_genpsticky_glbl_regfile[18][31]_i_1_n_0                                   | sigma/sigma_tile/sfr/core_reset_o_reg_0_repN_1                                   |                2 |              4 |
|  sys_clk/inst/clk_out1 | sigma/sigma_tile/riscv/bus1_addr_buf_reg[13]_1                                                             |                                                                                  |                1 |              4 |
|  sys_clk/inst/clk_out1 | sigma/sigma_tile/riscv/gensticky_genpsticky_glbl_regfile[18][31]_i_1_n_0                                   | sigma/sigma_tile/sfr/core_reset_o_reg_0_repN_8                                   |                3 |              4 |
|  sys_clk/inst/clk_out1 | sigma/sigma_tile/riscv/bus1_addr_buf_reg[10]_2                                                             |                                                                                  |                1 |              4 |
|  sys_clk/inst/clk_out1 | sigma/sigma_tile/riscv/bus1_addr_buf_reg[12]_1                                                             |                                                                                  |                1 |              4 |
|  sys_clk/inst/clk_out1 | sigma/sigma_tile/riscv/bus1_addr_buf_reg[10]                                                               |                                                                                  |                1 |              4 |
|  sys_clk/inst/clk_out1 | sigma/sigma_tile/riscv/bus1_addr_buf_reg[11]_2                                                             |                                                                                  |                1 |              4 |
|  sys_clk/inst/clk_out1 | sigma/sigma_tile/riscv/bus1_addr_buf_reg[12]                                                               |                                                                                  |                1 |              4 |
|  sys_clk/inst/clk_out1 | sigma/sigma_tile/riscv/bus1_addr_buf_reg[13]                                                               |                                                                                  |                1 |              4 |
|  sys_clk/inst/clk_out1 | sigma/sigma_tile/riscv/bus_we_o_reg_3                                                                      |                                                                                  |                1 |              4 |
|  sys_clk/inst/clk_out1 | sigma/sigma_tile/riscv/E[0]                                                                                | sigma/reset_sync/SR[0]                                                           |                1 |              4 |
|  sys_clk/inst/clk_out1 | sigma/sigma_tile/riscv/bus_we_o_reg_6                                                                      |                                                                                  |                1 |              4 |
|  sys_clk/inst/clk_out1 | sigma/udm/uart_rx/FSM_sequential_state[3]_i_1_n_0                                                          | sigma/reset_sync/Q[0]                                                            |                2 |              4 |
|  sys_clk/inst/clk_out1 | sigma/sigma_tile/riscv/gensticky_genpsticky_glbl_regfile[29][31]_i_1_n_0                                   | sigma/sigma_tile/sfr/core_reset_o_reg_0_repN_1                                   |                3 |              5 |
|  sys_clk/inst/clk_out1 | sigma/sigma_tile/riscv/gensticky_genpsticky_glbl_regfile[26][31]_i_1_n_0                                   | sigma/sigma_tile/sfr/core_reset_o_reg_0_repN_8                                   |                4 |              5 |
|  sys_clk/inst/clk_out1 | sigma/sigma_tile/riscv/gensticky_genpsticky_glbl_regfile[26][31]_i_1_n_0                                   | sigma/sigma_tile/sfr/core_reset_o_reg_0_repN_9                                   |                3 |              5 |
|  sys_clk/inst/clk_out1 | sigma/sigma_tile/riscv/gensticky_genpsticky_glbl_regfile[16][31]_i_1_n_0                                   | sigma/sigma_tile/sfr/core_reset_o_reg_0_repN_5                                   |                3 |              5 |
|  sys_clk/inst/clk_out1 | sigma/sigma_tile/riscv/gensticky_genpsticky_glbl_regfile[16][31]_i_1_n_0                                   | sigma/sigma_tile/sfr/core_reset_o_reg_0_repN_1                                   |                1 |              5 |
|  sys_clk/inst/clk_out1 | sigma/sigma_tile/riscv/gensticky_genpsticky_glbl_regfile[16][31]_i_1_n_0                                   | sigma/sigma_tile/sfr/core_reset_o_reg_0_repN_8                                   |                4 |              5 |
|  sys_clk/inst/clk_out1 | sigma/sigma_tile/riscv/gensticky_genpsticky_glbl_regfile[16][31]_i_1_n_0                                   | sigma/sigma_tile/sfr/core_reset_o_reg_0_repN_9                                   |                1 |              5 |
|  sys_clk/inst/clk_out1 | sigma/sigma_tile/riscv/gensticky_genpsticky_glbl_regfile[20][31]_i_1_n_0                                   | sigma/sigma_tile/sfr/core_reset_o_reg_0_repN_5                                   |                3 |              5 |
|  sys_clk/inst/clk_out1 | sigma/sigma_tile/riscv/gensticky_genpsticky_glbl_regfile[20][31]_i_1_n_0                                   | sigma/sigma_tile/sfr/core_reset_o_reg_0_repN_1                                   |                2 |              5 |
|  sys_clk/inst/clk_out1 | sigma/sigma_tile/riscv/gensticky_genpsticky_glbl_regfile[21][31]_i_1_n_0                                   | sigma/sigma_tile/sfr/core_reset_o_reg_0_repN_5                                   |                4 |              5 |
|  sys_clk/inst/clk_out1 | sigma/sigma_tile/riscv/gensticky_genpsticky_glbl_regfile[21][31]_i_1_n_0                                   | sigma/sigma_tile/sfr/core_reset_o_reg_0_repN_8                                   |                3 |              5 |
|  sys_clk/inst/clk_out1 | sigma/sigma_tile/riscv/gensticky_genpsticky_glbl_regfile[11][31]_i_1_n_0                                   | sigma/sigma_tile/sfr/core_reset_o_reg_0_repN_6                                   |                3 |              5 |
|  sys_clk/inst/clk_out1 | sigma/sigma_tile/riscv/gensticky_genpsticky_glbl_regfile[23][31]_i_1_n_0                                   | sigma/sigma_tile/sfr/core_reset_o_reg_0_repN_5                                   |                2 |              5 |
|  sys_clk/inst/clk_out1 | sigma/sigma_tile/riscv/gensticky_genpsticky_glbl_regfile[31][31]_i_1_n_0                                   | sigma/sigma_tile/sfr/core_reset_o_reg_0_repN_5                                   |                3 |              5 |
|  sys_clk/inst/clk_out1 | sigma/sigma_tile/riscv/gensticky_genpstage_EXEC_TRX_BUF[0][irq_mcause][3]_i_1_n_0                          | sigma/sigma_tile/sfr/core_reset_o_reg_1                                          |                2 |              5 |
|  sys_clk/inst/clk_out1 | sigma/sigma_tile/riscv/gensticky_genpstage_MEMWB_TRX_BUF_reg[0][alu_result][5]_0                           | sigma/sigma_tile/riscv/bus_addr_bo_reg[5]                                        |                2 |              5 |
|  sys_clk/inst/clk_out1 | sigma/sigma_tile/riscv/gensticky_genpsticky_glbl_regfile[10][31]_i_1_n_0                                   | sigma/sigma_tile/sfr/core_reset_o_reg_0_repN_1                                   |                3 |              5 |
|  sys_clk/inst/clk_out1 | sigma/sigma_tile/riscv/gensticky_genpsticky_glbl_regfile[10][31]_i_1_n_0                                   | sigma/sigma_tile/sfr/core_reset_o_reg_0_repN_8                                   |                2 |              5 |
|  sys_clk/inst/clk_out1 | sigma/sigma_tile/riscv/gensticky_genpsticky_glbl_regfile[9][31]_i_1_n_0                                    | sigma/sigma_tile/sfr/core_reset_o_reg_0_repN_9                                   |                2 |              5 |
|  sys_clk/inst/clk_out1 | sigma/sigma_tile/riscv/gensticky_genpsticky_glbl_regfile[12][31]_i_1_n_0                                   | sigma/sigma_tile/sfr/core_reset_o_reg_0_repN_9                                   |                3 |              5 |
|  sys_clk/inst/clk_out1 | sigma/sigma_tile/riscv/gensticky_genpsticky_glbl_regfile[4][31]_i_1_n_0                                    | sigma/sigma_tile/sfr/core_reset_o_reg_0_repN_6                                   |                3 |              5 |
|  sys_clk/inst/clk_out1 | sigma/sigma_tile/riscv/gensticky_genpsticky_glbl_regfile[4][31]_i_1_n_0                                    | sigma/sigma_tile/sfr/core_reset_o_reg_0_repN_7                                   |                2 |              5 |
|  sys_clk/inst/clk_out1 | sigma/sigma_tile/riscv/gensticky_genpsticky_glbl_regfile[15][31]_i_1_n_0                                   | sigma/sigma_tile/sfr/core_reset_o_reg_0_repN_8                                   |                3 |              5 |
|  sys_clk/inst/clk_out1 | sigma/sigma_tile/riscv/gensticky_genpsticky_glbl_regfile[15][31]_i_1_n_0                                   | sigma/sigma_tile/sfr/core_reset_o_reg_0_repN_9                                   |                2 |              5 |
|  sys_clk/inst/clk_out1 | sigma/sigma_tile/riscv/gensticky_genpsticky_glbl_regfile[17][31]_i_1_n_0                                   | sigma/sigma_tile/sfr/core_reset_o_reg_0_repN_1                                   |                1 |              5 |
|  sys_clk/inst/clk_out1 | sigma/sigma_tile/riscv/gensticky_genpsticky_glbl_regfile[18][31]_i_1_n_0                                   | sigma/sigma_tile/sfr/core_reset_o_reg_0_repN_9                                   |                1 |              5 |
|  sys_clk/inst/clk_out1 | sigma/sigma_tile/riscv/gensticky_genpsticky_glbl_regfile[5][31]_i_1_n_0                                    | sigma/sigma_tile/sfr/core_reset_o_reg_0_repN_5                                   |                1 |              5 |
|  sys_clk/inst/clk_out1 | sigma/sigma_tile/riscv/gensticky_genpsticky_glbl_regfile[13][31]_i_1_n_0                                   | sigma/sigma_tile/sfr/core_reset_o_reg_0_repN_6                                   |                1 |              5 |
|  sys_clk/inst/clk_out1 | sigma/sigma_tile/riscv/gensticky_genpsticky_glbl_regfile[13][31]_i_1_n_0                                   | sigma/sigma_tile/sfr/core_reset_o_reg_0_repN_1                                   |                3 |              5 |
|  sys_clk/inst/clk_out1 | sigma/sigma_tile/riscv/gensticky_genpsticky_glbl_regfile[13][31]_i_1_n_0                                   | sigma/sigma_tile/sfr/core_reset_o_reg_0_repN_8                                   |                3 |              5 |
|  sys_clk/inst/clk_out1 | sigma/sigma_tile/riscv/gensticky_genpsticky_glbl_regfile[24][31]_i_1_n_0                                   | sigma/sigma_tile/sfr/core_reset_o_reg_0_repN_1                                   |                3 |              5 |
|  sys_clk/inst/clk_out1 | sigma/sigma_tile/riscv/gensticky_genpsticky_glbl_regfile[24][31]_i_1_n_0                                   | sigma/sigma_tile/sfr/core_reset_o_reg_0_repN_8                                   |                2 |              5 |
|  sys_clk/inst/clk_out1 | sigma/sigma_tile/riscv/gensticky_genpsticky_glbl_regfile[2][31]_i_1_n_0                                    | sigma/sigma_tile/sfr/core_reset_o_reg_0_repN_6                                   |                2 |              5 |
|  sys_clk/inst/clk_out1 | sigma/sigma_tile/riscv/gensticky_genpsticky_glbl_regfile[8][31]_i_1_n_0                                    | sigma/sigma_tile/sfr/core_reset_o_reg_0_repN_6                                   |                1 |              5 |
|  sys_clk/inst/clk_out1 | sigma/sigma_tile/riscv/gensticky_genpsticky_glbl_regfile[2][31]_i_1_n_0                                    | sigma/sigma_tile/sfr/core_reset_o_reg_0_repN_9                                   |                1 |              5 |
|  sys_clk/inst/clk_out1 | sigma/sigma_tile/riscv/gensticky_genpsticky_glbl_regfile[27][31]_i_1_n_0                                   | sigma/sigma_tile/sfr/core_reset_o_reg_0_repN_5                                   |                3 |              5 |
|  sys_clk/inst/clk_out1 | sigma/sigma_tile/riscv/gensticky_genpsticky_glbl_regfile[27][31]_i_1_n_0                                   | sigma/sigma_tile/sfr/core_reset_o_reg_0_repN_1                                   |                3 |              5 |
|  sys_clk/inst/clk_out1 | sigma/sigma_tile/riscv/gensticky_genpsticky_glbl_regfile[27][31]_i_1_n_0                                   | sigma/sigma_tile/sfr/core_reset_o_reg_0_repN_9                                   |                1 |              5 |
|  sys_clk/inst/clk_out1 | sigma/sigma_tile/riscv/gensticky_genpsticky_glbl_regfile[8][31]_i_1_n_0                                    | sigma/sigma_tile/sfr/core_reset_o_reg_0_repN_8                                   |                3 |              5 |
|  sys_clk/inst/clk_out1 | sigma/sigma_tile/riscv/gensticky_genpsticky_glbl_regfile[22][31]_i_1_n_0                                   | sigma/sigma_tile/sfr/core_reset_o_reg_0_repN_1                                   |                1 |              5 |
|  sys_clk/inst/clk_out1 | sigma/sigma_tile/riscv/gensticky_genpsticky_glbl_regfile[7][31]_i_1_n_0                                    | sigma/sigma_tile/sfr/core_reset_o_reg_0_repN_6                                   |                3 |              5 |
|  sys_clk/inst/clk_out1 | sigma/sigma_tile/riscv/gensticky_genpsticky_glbl_regfile[14][31]_i_1_n_0                                   | sigma/sigma_tile/sfr/core_reset_o_reg_0_repN_9                                   |                2 |              5 |
|  sys_clk/inst/clk_out1 | sigma/sigma_tile/riscv/gensticky_genpsticky_glbl_regfile[1][31]_i_1_n_0                                    | sigma/sigma_tile/sfr/core_reset_o_reg_0_repN_6                                   |                2 |              5 |
|  sys_clk/inst/clk_out1 | sigma/sigma_tile/riscv/gensticky_genpsticky_glbl_regfile[7][31]_i_1_n_0                                    | sigma/sigma_tile/sfr/core_reset_o_reg_0_repN_1                                   |                5 |              5 |
|  sys_clk/inst/clk_out1 | sigma/sigma_tile/riscv/gensticky_genpsticky_glbl_regfile[1][31]_i_1_n_0                                    | sigma/sigma_tile/sfr/core_reset_o_reg_0_repN_7                                   |                3 |              5 |
|  sys_clk/inst/clk_out1 | sigma/sigma_tile/riscv/gensticky_genpsticky_glbl_regfile[1][31]_i_1_n_0                                    | sigma/sigma_tile/sfr/core_reset_o_reg_0_repN_9                                   |                2 |              5 |
|  sys_clk/inst/clk_out1 | sigma/sigma_tile/riscv/gensticky_genpsticky_glbl_regfile[6][31]_i_1_n_0                                    | sigma/sigma_tile/sfr/core_reset_o_reg_0_repN_6                                   |                2 |              5 |
|  sys_clk/inst/clk_out1 | sigma/sigma_tile/riscv/gensticky_genpsticky_glbl_regfile[6][31]_i_1_n_0                                    | sigma/sigma_tile/sfr/core_reset_o_reg_0_repN_7                                   |                2 |              5 |
|  sys_clk/inst/clk_out1 | sigma/sigma_tile/riscv/gensticky_genpsticky_glbl_regfile[25][31]_i_1_n_0                                   | sigma/sigma_tile/sfr/core_reset_o_reg_0_repN_8                                   |                3 |              5 |
|  sys_clk/inst/clk_out1 | sigma/sigma_tile/riscv/gensticky_genpsticky_glbl_regfile[6][31]_i_1_n_0                                    | sigma/sigma_tile/sfr/core_reset_o_reg_0_repN_1                                   |                3 |              5 |
|  sys_clk/inst/clk_out1 | sigma/sigma_tile/riscv/gensticky_genpsticky_glbl_regfile[28][31]_i_1_n_0                                   | sigma/sigma_tile/sfr/core_reset_o_reg_0_repN_5                                   |                3 |              5 |
|  sys_clk/inst/clk_out1 | sigma/sigma_tile/riscv/gensticky_genpsticky_glbl_regfile[28][31]_i_1_n_0                                   | sigma/sigma_tile/sfr/core_reset_o_reg_0_repN_1                                   |                5 |              5 |
|  sys_clk/inst/clk_out1 | sigma/sigma_tile/riscv/gensticky_genpsticky_glbl_regfile[28][31]_i_1_n_0                                   | sigma/sigma_tile/sfr/core_reset_o_reg_0_repN_8                                   |                3 |              5 |
|  sys_clk/inst/clk_out1 | sigma/sigma_tile/riscv/gensticky_genpsticky_glbl_regfile[28][31]_i_1_n_0                                   | sigma/sigma_tile/sfr/core_reset_o_reg_0_repN_9                                   |                2 |              5 |
|  sys_clk/inst/clk_out1 | sigma/sigma_tile/riscv/gensticky_genpsticky_glbl_regfile[8][31]_i_1_n_0                                    | sigma/sigma_tile/sfr/core_reset_o_reg_0_repN_5                                   |                3 |              6 |
|  sys_clk/inst/clk_out1 | sigma/sigma_tile/riscv/gensticky_genpsticky_glbl_regfile[20][31]_i_1_n_0                                   | sigma/sigma_tile/sfr/core_reset_o_reg_0_repN_9                                   |                2 |              6 |
|  sys_clk/inst/clk_out1 | sigma/sigma_tile/riscv/gensticky_genpsticky_glbl_regfile[27][31]_i_1_n_0                                   | sigma/sigma_tile/sfr/core_reset_o_reg_0_repN_8                                   |                4 |              6 |
|  sys_clk/inst/clk_out1 | sigma/sigma_tile/riscv/gensticky_genpsticky_glbl_regfile[9][31]_i_1_n_0                                    | sigma/sigma_tile/sfr/core_reset_o_reg_0_repN_6                                   |                2 |              6 |
|  sys_clk/inst/clk_out1 | sigma/sigma_tile/riscv/gensticky_genpsticky_glbl_regfile[23][31]_i_1_n_0                                   | sigma/sigma_tile/sfr/core_reset_o_reg_0_repN_1                                   |                4 |              6 |
|  sys_clk/inst/clk_out1 | sigma/sigma_tile/genexu_MUL_DIV/riscv_divider/div_complete_w                                               | sigma/sigma_tile/sfr/core_reset_o_reg_0_repN_2                                   |                2 |              6 |
|  sys_clk/inst/clk_out1 | sigma/sigma_tile/riscv/gensticky_genpsticky_glbl_regfile[22][31]_i_1_n_0                                   | sigma/sigma_tile/sfr/core_reset_o_reg_0_repN_9                                   |                2 |              6 |
|  sys_clk/inst/clk_out1 | sigma/sigma_tile/riscv/gensticky_genpsticky_glbl_regfile[30][31]_i_1_n_0                                   | sigma/sigma_tile/sfr/core_reset_o_reg_0_repN_7                                   |                3 |              6 |
|  sys_clk/inst/clk_out1 | sigma/sigma_tile/riscv/gensticky_genpsticky_glbl_regfile[30][31]_i_1_n_0                                   | sigma/sigma_tile/sfr/core_reset_o_reg_0_repN_6                                   |                4 |              6 |
|  sys_clk/inst/clk_out1 | sigma/sigma_tile/riscv/gensticky_genpsticky_glbl_regfile[31][31]_i_1_n_0                                   | sigma/sigma_tile/sfr/core_reset_o_reg_0_repN_9                                   |                6 |              6 |
|  sys_clk/inst/clk_out1 | sigma/sigma_tile/riscv/gensticky_genpsticky_glbl_regfile[12][31]_i_1_n_0                                   | sigma/sigma_tile/sfr/core_reset_o_reg_0_repN_6                                   |                1 |              6 |
|  sys_clk/inst/clk_out1 | sigma/sigma_tile/riscv/gensticky_genpsticky_glbl_regfile[26][31]_i_1_n_0                                   | sigma/sigma_tile/sfr/core_reset_o_reg_0_repN_5                                   |                3 |              6 |
|  sys_clk/inst/clk_out1 | sigma/sigma_tile/riscv/gensticky_genpsticky_glbl_regfile[12][31]_i_1_n_0                                   | sigma/sigma_tile/sfr/core_reset_o_reg_0_repN_8                                   |                3 |              6 |
|  sys_clk/inst/clk_out1 | sigma/sigma_tile/riscv/gensticky_genpsticky_glbl_regfile[14][31]_i_1_n_0                                   | sigma/sigma_tile/sfr/core_reset_o_reg_0_repN_6                                   |                2 |              6 |
|  sys_clk/inst/clk_out1 | sigma/sigma_tile/riscv/gensticky_genpsticky_glbl_regfile[22][31]_i_1_n_0                                   | sigma/sigma_tile/sfr/core_reset_o_reg_0_repN_5                                   |                4 |              6 |
|  sys_clk/inst/clk_out1 | sigma/sigma_tile/riscv/gensticky_genpsticky_glbl_regfile[6][31]_i_1_n_0                                    | sigma/sigma_tile/sfr/core_reset_o_reg_0_repN_9                                   |                1 |              6 |
|  sys_clk/inst/clk_out1 | sigma/sigma_tile/riscv/gensticky_genpsticky_glbl_regfile[10][31]_i_1_n_0                                   | sigma/sigma_tile/sfr/core_reset_o_reg_0_repN_6                                   |                2 |              6 |
|  sys_clk/inst/clk_out1 | sigma/sigma_tile/riscv/gensticky_genpsticky_glbl_regfile[6][31]_i_1_n_0                                    | sigma/sigma_tile/sfr/core_reset_o_reg_0_repN_5                                   |                4 |              6 |
|  sys_clk/inst/clk_out1 | sigma/sigma_tile/riscv/gensticky_genpsticky_glbl_regfile[3][31]_i_1_n_0                                    | sigma/sigma_tile/sfr/core_reset_o_reg_0_repN_9                                   |                2 |              6 |
|  sys_clk/inst/clk_out1 | sigma/sigma_tile/riscv/gensticky_genpsticky_glbl_regfile[27][31]_i_1_n_0                                   | sigma/sigma_tile/sfr/core_reset_o_reg_0_repN_6                                   |                4 |              6 |
|  sys_clk/inst/clk_out1 | sigma/sigma_tile/riscv/gensticky_genpsticky_glbl_regfile[4][31]_i_1_n_0                                    | sigma/sigma_tile/sfr/core_reset_o_reg_0_repN_1                                   |                2 |              6 |
|  sys_clk/inst/clk_out1 | sigma/sigma_tile/riscv/gensticky_genpsticky_glbl_regfile[23][31]_i_1_n_0                                   | sigma/sigma_tile/sfr/core_reset_o_reg_0_repN_6                                   |                2 |              6 |
|  sys_clk/inst/clk_out1 | sigma/sigma_tile/riscv/gensticky_genpsticky_glbl_regfile[17][31]_i_1_n_0                                   | sigma/sigma_tile/sfr/core_reset_o_reg_0_repN_5                                   |                3 |              7 |
|  sys_clk/inst/clk_out1 | sigma/sigma_tile/riscv/gensticky_genpsticky_glbl_regfile[29][31]_i_1_n_0                                   | sigma/sigma_tile/sfr/core_reset_o_reg_0_repN_5                                   |                3 |              7 |
|  sys_clk/inst/clk_out1 | sigma/sigma_tile/riscv/gensticky_genpsticky_glbl_regfile[12][31]_i_1_n_0                                   | sigma/sigma_tile/sfr/core_reset_o_reg_0_repN_5                                   |                1 |              7 |
|  sys_clk/inst/clk_out1 | sigma/sigma_tile/riscv/gensticky_genpsticky_glbl_regfile[22][31]_i_1_n_0                                   | sigma/sigma_tile/sfr/core_reset_o_reg_0_repN_6                                   |                4 |              7 |
|  sys_clk/inst/clk_out1 | sigma/sigma_tile/riscv/gensticky_genpsticky_glbl_regfile[1][31]_i_1_n_0                                    | sigma/sigma_tile/sfr/core_reset_o_reg_0_repN_5                                   |                2 |              7 |
|  sys_clk/inst/clk_out1 | sigma/sigma_tile/riscv/gensticky_genpsticky_glbl_regfile[21][31]_i_1_n_0                                   | sigma/sigma_tile/sfr/core_reset_o_reg_0_repN_9                                   |                3 |              7 |
|  sys_clk/inst/clk_out1 | sigma/sigma_tile/riscv/gensticky_genpsticky_glbl_regfile[28][31]_i_1_n_0                                   | sigma/sigma_tile/sfr/core_reset_o_reg_0_repN_6                                   |                3 |              7 |
|  sys_clk/inst/clk_out1 | sigma/sigma_tile/riscv/gensticky_genpsticky_glbl_regfile[11][31]_i_1_n_0                                   | sigma/sigma_tile/sfr/core_reset_o_reg_0_repN_5                                   |                4 |              7 |
|  sys_clk/inst/clk_out1 | sigma/udm/udm_controller/tx_dout_bo[7]_i_1_n_0                                                             |                                                                                  |                3 |              7 |
|  sys_clk/inst/clk_out1 | sigma/sigma_tile/riscv/gensticky_genpsticky_glbl_regfile[26][31]_i_1_n_0                                   | sigma/sigma_tile/sfr/core_reset_o_reg_0_repN_6                                   |                1 |              7 |
|  sys_clk/inst/clk_out1 | sigma/sigma_tile/riscv/gensticky_genpsticky_glbl_regfile[20][31]_i_1_n_0                                   | sigma/sigma_tile/sfr/core_reset_o_reg_0_repN_6                                   |                5 |              7 |
|  sys_clk/inst/clk_out1 | sigma/sigma_tile/riscv/gensticky_genpsticky_glbl_regfile[11][31]_i_1_n_0                                   | sigma/sigma_tile/sfr/core_reset_o_reg_0_repN_9                                   |                5 |              7 |
|  sys_clk/inst/clk_out1 | sigma/sigma_tile/riscv/gensticky_genpsticky_glbl_regfile[17][31]_i_1_n_0                                   | sigma/sigma_tile/sfr/core_reset_o_reg_0_repN_6                                   |                1 |              7 |
|  sys_clk/inst/clk_out1 | sigma/sigma_tile/riscv/gensticky_genpsticky_glbl_regfile[30][31]_i_1_n_0                                   | sigma/sigma_tile/sfr/core_reset_o_reg_0_repN_5                                   |                4 |              7 |
|  sys_clk/inst/clk_out1 | sigma/sigma_tile/riscv/gensticky_genpsticky_glbl_regfile[7][31]_i_1_n_0                                    | sigma/sigma_tile/sfr/core_reset_o_reg_0_repN_9                                   |                4 |              7 |
|  sys_clk/inst/clk_out1 | sigma/sigma_tile/riscv/gensticky_genpstage_MEMWB_TRX_BUF[0][genmcopipe_handle_coproc_M_if][tid][1]_i_1_n_0 | sigma/sigma_tile/sfr/core_reset_o_reg_0_repN_1                                   |                3 |              7 |
|  sys_clk/inst/clk_out1 | sigma/sigma_tile/riscv/gensticky_genpsticky_glbl_regfile[31][31]_i_1_n_0                                   | sigma/sigma_tile/sfr/core_reset_o_reg_0_repN_6                                   |                5 |              7 |
|  sys_clk/inst/clk_out1 | sigma/sigma_tile/riscv/gensticky_genpsticky_glbl_regfile[19][31]_i_1_n_0                                   | sigma/sigma_tile/sfr/core_reset_o_reg_0_repN_9                                   |                2 |              7 |
|  sys_clk/inst/clk_out1 | sigma/sigma_tile/riscv/gensticky_genpsticky_glbl_regfile[4][31]_i_1_n_0                                    | sigma/sigma_tile/sfr/core_reset_o_reg_0_repN_5                                   |                2 |              7 |
|  sys_clk/inst/clk_out1 | sigma/sigma_tile/riscv/gensticky_genpsticky_glbl_regfile[7][31]_i_1_n_0                                    | sigma/sigma_tile/sfr/core_reset_o_reg_0_repN_5                                   |                2 |              7 |
|  sys_clk/inst/clk_out1 | sigma/sigma_tile/riscv/gensticky_genpsticky_glbl_regfile[23][31]_i_1_n_0                                   | sigma/sigma_tile/sfr/core_reset_o_reg_0_repN_9                                   |                1 |              7 |
|  sys_clk/inst/clk_out1 | sigma/sigma_tile/riscv/gensticky_genpsticky_glbl_regfile[8][31]_i_1_n_0                                    | sigma/sigma_tile/sfr/core_reset_o_reg_0_repN_9                                   |                3 |              7 |
|  sys_clk/inst/clk_out1 | sigma/sigma_tile/riscv/gensticky_genpsticky_glbl_regfile[24][31]_i_1_n_0                                   | sigma/sigma_tile/sfr/core_reset_o_reg_0_repN_9                                   |                2 |              7 |
|  sys_clk/inst/clk_out1 | sigma/sigma_tile/riscv/gensticky_genpsticky_glbl_regfile[2][31]_i_1_n_0                                    | sigma/sigma_tile/sfr/core_reset_o_reg_0_repN_5                                   |                2 |              8 |
|  sys_clk/inst/clk_out1 | sigma/sigma_tile/riscv/gensticky_genpstage_EXEC_TRX_BUF_reg[0][irq_recv][0]_1                              |                                                                                  |                5 |              8 |
|  sys_clk/inst/clk_out1 | sigma/sigma_tile/riscv/gensticky_genpsticky_glbl_regfile[21][31]_i_1_n_0                                   | sigma/sigma_tile/sfr/core_reset_o_reg_0_repN_6                                   |                4 |              8 |
|  sys_clk/inst/clk_out1 | sigma/udm/uart_rx/dout_bo[7]_i_1_n_0                                                                       | sigma/reset_sync/Q[0]                                                            |                2 |              8 |
|  sys_clk/inst/clk_out1 | sigma/udm/udm_controller/RD_DATA_reg[23]_i_1_n_0                                                           | sigma/udm/udm_controller/RD_DATA_reg[31]_i_1_n_0                                 |                6 |              8 |
|  sys_clk/inst/clk_out1 | sigma/udm/udm_controller/tx_sendbyte[7]_i_2_n_0                                                            | sigma/udm/udm_controller/tx_sendbyte[7]_i_1_n_0                                  |                2 |              8 |
|  sys_clk/inst/clk_out1 | sigma/sigma_tile/riscv/gensticky_genpsticky_glbl_regfile[25][31]_i_1_n_0                                   | sigma/sigma_tile/sfr/core_reset_o_reg_0_repN_6                                   |                3 |              8 |
|  sys_clk/inst/clk_out1 | sigma/udm/udm_controller/tx_sendbyte_ff_0                                                                  |                                                                                  |                2 |              8 |
|  sys_clk/inst/clk_out1 | sigma/sigma_tile/riscv/gensticky_genpsticky_glbl_regfile[18][31]_i_1_n_0                                   | sigma/sigma_tile/sfr/core_reset_o_reg_0_repN_6                                   |                4 |              8 |
|  sys_clk/inst/clk_out1 |                                                                                                            | sigma/sigma_tile/sfr/core_reset_o_reg_0_repN_8                                   |                5 |              8 |
|  sys_clk/inst/clk_out1 | sigma/sigma_tile/riscv/gensticky_genpsticky_glbl_regfile[3][31]_i_1_n_0                                    | sigma/sigma_tile/sfr/core_reset_o_reg_0_repN_5                                   |                2 |              8 |
|  sys_clk/inst/clk_out1 | sigma/sigma_tile/riscv/gensticky_genpsticky_glbl_regfile[25][31]_i_1_n_0                                   | sigma/sigma_tile/sfr/core_reset_o_reg_0_repN_9                                   |                2 |              8 |
|  sys_clk/inst/clk_out1 | sigma/sigma_tile/riscv/gensticky_genpsticky_glbl_regfile[19][31]_i_1_n_0                                   | sigma/sigma_tile/sfr/core_reset_o_reg_0_repN_6                                   |                4 |              8 |
|  sys_clk/inst/clk_out1 | sigma/udm/uart_tx/databuf_0                                                                                | sigma/reset_sync/Q[0]                                                            |                2 |              8 |
|  sys_clk/inst/clk_out1 | sigma/sigma_tile/riscv/gensticky_genpsticky_glbl_regfile[29][31]_i_1_n_0                                   | sigma/sigma_tile/sfr/core_reset_o_reg_0_repN_6                                   |                6 |              8 |
|  sys_clk/inst/clk_out1 | sigma/sigma_tile/riscv/gensticky_genpsticky_glbl_regfile[10][31]_i_1_n_0                                   | sigma/sigma_tile/sfr/core_reset_o_reg_0_repN_5                                   |                2 |              8 |
|  sys_clk/inst/clk_out1 | sigma/sigma_tile/riscv/gensticky_genpsticky_glbl_regfile[14][31]_i_1_n_0                                   | sigma/sigma_tile/sfr/core_reset_o_reg_0_repN_5                                   |                4 |              8 |
|  sys_clk/inst/clk_out1 | sigma/sigma_tile/riscv/gensticky_genpsticky_glbl_regfile[16][31]_i_1_n_0                                   | sigma/sigma_tile/sfr/core_reset_o_reg_0_repN_6                                   |                4 |              8 |
|  sys_clk/inst/clk_out1 | sigma/sigma_tile/riscv/gensticky_genpsticky_glbl_regfile[9][31]_i_1_n_0                                    | sigma/sigma_tile/sfr/core_reset_o_reg_0_repN_5                                   |                3 |              9 |
|  sys_clk/inst/clk_out1 | sigma/sigma_tile/riscv/gensticky_genpsticky_glbl_regfile[13][31]_i_1_n_0                                   | sigma/sigma_tile/sfr/core_reset_o_reg_0_repN_5                                   |                2 |              9 |
|  sys_clk/inst/clk_out1 |                                                                                                            | sigma/udm/uart_rx/SR[0]                                                          |                2 |              9 |
|  sys_clk/inst/clk_out1 |                                                                                                            | sigma/udm/udm_controller/FSM_sequential_state[2]_i_1_n_0                         |                6 |              9 |
|  sys_clk/inst/clk_out1 | sigma/sigma_tile/riscv/gensticky_genpsticky_glbl_regfile[15][31]_i_1_n_0                                   | sigma/sigma_tile/sfr/core_reset_o_reg_0_repN_5                                   |                3 |              9 |
|  sys_clk/inst/clk_out1 | sigma/sigma_tile/riscv/gensticky_genpsticky_glbl_regfile[5][31]_i_1_n_0                                    | sigma/sigma_tile/sfr/core_reset_o_reg_0_repN_9                                   |                2 |              9 |
|  sys_clk/inst/clk_out1 | sigma/sigma_tile/riscv/gensticky_genpsticky_glbl_regfile[24][31]_i_1_n_0                                   | sigma/sigma_tile/sfr/core_reset_o_reg_0_repN_6                                   |                3 |             10 |
|  sys_clk/inst/clk_out1 | sigma/sigma_tile/riscv/reset_syncbuf_reg[0]                                                                | sigma/sigma_tile/riscv/gensticky_genpstage_MEMWB_TRX_BUF_reg[0][alu_result][2]_1 |                4 |             11 |
|  sys_clk/inst/clk_out1 | sigma/sigma_tile/riscv/reset_syncbuf_reg[0]                                                                | sigma/sigma_tile/riscv/gensticky_genpstage_MEMWB_TRX_BUF_reg[0][alu_result][2]_2 |                7 |             11 |
|  sys_clk/inst/clk_out1 | sigma/sigma_tile/genexu_MUL_DIV/riscv_divider/divisor_q[62]_i_1_n_0                                        | sigma/sigma_tile/sfr/core_reset_o_reg_0_repN_1                                   |                4 |             12 |
|  sys_clk/inst/clk_out1 | sigma/sigma_tile/riscv/gensticky_genpstage_MEMWB_TRX_BUF[0][genmcopipe_handle_coproc_M_if][tid][1]_i_1_n_0 | sigma/sigma_tile/sfr/core_reset_o_reg_0_repN_3                                   |                5 |             13 |
|  sys_clk/inst/clk_out1 |                                                                                                            | sigma/reset_sync/SR[0]                                                           |               11 |             14 |
|  sys_clk/inst/clk_out1 | sigma/sigma_tile/riscv/gensticky_genpstage_MEMWB_TRX_BUF[0][genmcopipe_handle_coproc_M_if][tid][1]_i_1_n_0 | sigma/sigma_tile/sfr/core_reset_o_reg_0_repN_9                                   |                6 |             14 |
|  sys_clk/inst/clk_out1 | sigma/sigma_tile/riscv/gensticky_genpstage_MEMWB_TRX_BUF[0][genmcopipe_handle_coproc_M_if][tid][1]_i_1_n_0 | sigma/sigma_tile/sfr/core_reset_o_reg_0_repN                                     |                5 |             15 |
|  sys_clk/inst/clk_out1 | sigma/sigma_tile/riscv/bus_we_o_reg_8                                                                      | sigma/sigma_tile/riscv/bus_we_o_reg                                              |                8 |             16 |
|  sys_clk/inst/clk_out1 | sigma/sigma_tile/riscv/bus_we_o_reg_0[0]                                                                   | sigma/reset_sync/SR[0]                                                           |                8 |             16 |
|  sys_clk/inst/clk_out1 | sigma/sigma_tile/riscv/bus_we_o_reg_8                                                                      |                                                                                  |                7 |             16 |
|  sys_clk/inst/clk_out1 |                                                                                                            | sigma/reset_sync/Q[0]                                                            |                7 |             17 |
|  sys_clk/inst/clk_out1 | sigma/sigma_tile/riscv/gensticky_genpstage_EXEC_TRX_BUF[0][custom0_ext_req][0]_i_1_n_0                     | sigma/sigma_tile/sfr/core_reset_o_reg_0_repN_8                                   |                6 |             20 |
|  sys_clk/inst/clk_out1 | sigma/sigma_tile/genexu_MUL_DIV/riscv_divider/divisor_q[62]_i_1_n_0                                        | sigma/sigma_tile/sfr/core_reset_o_reg_0_repN                                     |                7 |             20 |
|  sys_clk/inst/clk_out1 | sigma/debouncer/counter_reg[0]_i_1_n_0                                                                     | sigma/reset_sync/Q[0]                                                            |                5 |             20 |
|  sys_clk/inst/clk_out1 | sigma/udm/udm_controller/RD_DATA_reg[23]_i_1_n_0                                                           |                                                                                  |               11 |             24 |
|  sys_clk/inst/clk_out1 |                                                                                                            | sigma/sigma_tile/sfr/core_reset_o_reg_0_repN_1                                   |               13 |             25 |
|  sys_clk/inst/clk_out1 | sigma/sigma_tile/genexu_MUL_DIV/riscv_divider/div_complete_w                                               | sigma/sigma_tile/sfr/core_reset_o_reg_0_repN                                     |               10 |             26 |
|  sys_clk/inst/clk_out1 | sigma/sigma_tile/riscv/gensticky_genpstage_EXEC_TRX_BUF[0][custom0_ext_req][0]_i_1_n_0                     | sigma/sigma_tile/sfr/core_reset_o_reg_0_repN_1                                   |               11 |             29 |
|  sys_clk/inst/clk_out1 | sigma/sigma_tile/riscv/gensticky_genpstage_EXEC_TRX_BUF[0][custom0_ext_req][0]_i_1_n_0                     | sigma/sigma_tile/sfr/core_reset_o_reg_0_repN_9                                   |               15 |             29 |
|  sys_clk/inst/clk_out1 | sigma/udm/uart_rx/bitperiod_o[28]_i_1_n_0                                                                  | sigma/reset_sync/Q[0]                                                            |                8 |             30 |
|  sys_clk/inst/clk_out1 | sigma/sigma_tile/genexu_MUL_DIV/riscv_divider/dividend_q[31]_i_1_n_0                                       | sigma/sigma_tile/sfr/core_reset_o_reg_0_repN                                     |                8 |             32 |
|  sys_clk/inst/clk_out1 | sigma/sigma_tile/riscv/core_reset_o_reg[0]                                                                 | sigma/reset_sync/SR[0]                                                           |               14 |             32 |
|  sys_clk/inst/clk_out1 | sigma/sigma_tile/sfr/timer_value[31]_i_2_n_0                                                               | sigma/udm/udm_controller/rst_o_reg_1[0]                                          |                7 |             32 |
|  sys_clk/inst/clk_out1 | sigma/udm/uart_rx/clk_counter                                                                              | sigma/reset_sync/Q[0]                                                            |                7 |             32 |
|  sys_clk/inst/clk_out1 | sigma/udm/uart_tx/clk_counter                                                                              | sigma/reset_sync/Q[0]                                                            |                6 |             32 |
|  sys_clk/inst/clk_out1 | sigma/udm/udm_controller/bus_addr_bo[31]_i_1_n_0                                                           | sigma/udm/udm_controller/FSM_sequential_state[2]_i_1_n_0                         |                7 |             32 |
|  sys_clk/inst/clk_out1 | sigma/udm/udm_controller/timeout_counter[31]_i_1_n_0                                                       |                                                                                  |               11 |             32 |
|  sys_clk/inst/clk_out1 | sigma/udm/udm_controller/tr_length[31]_i_2_n_0                                                             | sigma/udm/udm_controller/tr_length[31]_i_1_n_0                                   |               15 |             32 |
|  sys_clk/inst/clk_out1 | sigma/sigma_tile/genexu_MUL_DIV/riscv_divider/dividend_q                                                   | sigma/sigma_tile/sfr/core_reset_o_reg_5[0]                                       |               12 |             32 |
|  sys_clk/inst/clk_out1 | sigma/udm/udm_controller/bus_wdata_bo[31]_i_1_n_0                                                          | sigma/udm/udm_controller/FSM_sequential_state[2]_i_1_n_0                         |                8 |             32 |
|  sys_clk/inst/clk_out1 | sigma/sigma_tile/riscv/gensticky_genpstage_MEMWB_TRX_BUF[0][genmcopipe_handle_coproc_M_if][tid][1]_i_1_n_0 | sigma/sigma_tile/sfr/core_reset_o_reg_0_repN_2                                   |                7 |             34 |
|  sys_clk/inst/clk_out1 |                                                                                                            | sigma/sigma_tile/sfr/core_reset_o_reg_0_repN_2                                   |               19 |             35 |
|  sys_clk/inst/clk_out1 |                                                                                                            | sigma/sigma_tile/sfr/core_reset_o_reg_2[0]                                       |                7 |             36 |
|  sys_clk/inst/clk_out1 |                                                                                                            | sigma/sigma_tile/sfr/core_reset_o_reg_1                                          |                9 |             38 |
|  sys_clk/inst/clk_out1 |                                                                                                            | sigma/sigma_tile/sfr/core_reset_o_reg_3                                          |               14 |             38 |
|  sys_clk/inst/clk_out1 |                                                                                                            | sigma/sigma_tile/sfr/core_reset_o_reg_0_repN_3                                   |               12 |             39 |
|  sys_clk/inst/clk_out1 |                                                                                                            | sigma/sigma_tile/sfr/core_reset_o_reg_0_repN_4                                   |               24 |             40 |
|  sys_clk/inst/clk_out1 | sigma/sigma_tile/riscv/gensticky_genpstage_EXEC_TRX_BUF_reg[0][irq_recv][0]_1                              | sigma/sigma_tile/riscv/gensticky_genpstage_EXEC_TRX_BUF_reg[0][irq_recv][0]_0    |               15 |             40 |
|  sys_clk/inst/clk_out1 | sigma/udm/udm_controller/E[0]                                                                              |                                                                                  |               30 |             50 |
|  sys_clk/inst/clk_out1 | sigma/sigma_tile/riscv/gensticky_genpstage_EXEC_TRX_BUF[0][custom0_ext_req][0]_i_1_n_0                     | sigma/sigma_tile/sfr/core_reset_o_reg_0_repN_3                                   |               14 |             55 |
|  sys_clk/inst/clk_out1 |                                                                                                            |                                                                                  |               37 |             60 |
|  sys_clk/inst/clk_out1 | sigma/sigma_tile/riscv/gensticky_genpstage_IDECODE_TRX_BUF[0][curinstr_addr][31]_i_1_n_0                   | sigma/sigma_tile/sfr/core_reset_o_reg_0_repN_3                                   |                9 |             62 |
|  sys_clk/inst/clk_out1 | sigma/sigma_tile/genexu_MUL_DIV/riscv_divider/divisor_q                                                    | sigma/sigma_tile/sfr/core_reset_o_reg_5[0]                                       |               15 |             62 |
|  sys_clk/inst/clk_out1 |                                                                                                            | sigma/sigma_tile/sfr/core_reset_o_reg_0_repN                                     |               49 |             83 |
|  sys_clk/inst/clk_out1 | sigma/sigma_tile/riscv/gensticky_genpstage_EXEC_TRX_BUF[0][custom0_ext_req][0]_i_1_n_0                     | sigma/sigma_tile/sfr/core_reset_o_reg_0_repN_7                                   |               27 |             84 |
|  sys_clk/inst/clk_out1 | sigma/sigma_tile/riscv/gensticky_genpstage_MEMWB_TRX_BUF[0][genmcopipe_handle_coproc_M_if][tid][1]_i_1_n_0 | sigma/sigma_tile/sfr/core_reset_o_reg_0_repN_4                                   |               28 |             98 |
+------------------------+------------------------------------------------------------------------------------------------------------+----------------------------------------------------------------------------------+------------------+----------------+


