#-----------------------------------------------------------
# Vivado v2019.1 (64-bit)
# SW Build 2552052 on Fri May 24 14:49:42 MDT 2019
# IP Build 2548770 on Fri May 24 18:01:18 MDT 2019
# Start of session at: Fri Dec  9 10:12:44 2022
# Process ID: 99016
# Current directory: E:/University/University_Projects/2_Magistracy/Security_SoC/activecore-reliab_mech/designs/rtl/sigma/syn/syn_1stage/NEXYS4_DDR
# Command line: vivado.exe -gui_launcher_event rodinguilauncherevent99028 E:\University\University_Projects\2_Magistracy\Security_SoC\activecore-reliab_mech\designs\rtl\sigma\syn\syn_1stage\NEXYS4_DDR\NEXYS4_DDR.xpr
# Log file: E:/University/University_Projects/2_Magistracy/Security_SoC/activecore-reliab_mech/designs/rtl/sigma/syn/syn_1stage/NEXYS4_DDR/vivado.log
# Journal file: E:/University/University_Projects/2_Magistracy/Security_SoC/activecore-reliab_mech/designs/rtl/sigma/syn/syn_1stage/NEXYS4_DDR\vivado.jou
#-----------------------------------------------------------
start_gui
open_project E:/University/University_Projects/2_Magistracy/Security_SoC/activecore-reliab_mech/designs/rtl/sigma/syn/syn_1stage/NEXYS4_DDR/NEXYS4_DDR.xpr
INFO: [ProjectBase 1-489] The host OS only allows 260 characters in a normal path. The project is stored in a path with more than 80 characters. If you experience issues with IP, Block Designs, or files not being found, please consider moving the project to a location with a shorter path. Alternately consider using the OS subst command to map part of the path to a drive letter.
Current project path is 'E:/University/University_Projects/2_Magistracy/Security_SoC/activecore-reliab_mech/designs/rtl/sigma/syn/syn_1stage/NEXYS4_DDR'
Scanning sources...
Finished scanning sources
INFO: [IP_Flow 19-234] Refreshing IP repositories
INFO: [IP_Flow 19-1704] No user IP repositories specified
INFO: [IP_Flow 19-2313] Loaded Vivado IP repository 'C:/Xilinx/Vivado/2019.1/data/ip'.
open_project: Time (s): cpu = 00:00:33 ; elapsed = 00:00:26 . Memory (MB): peak = 818.617 ; gain = 205.684
update_compile_order -fileset sources_1
exit
INFO: [Common 17-206] Exiting Vivado at Fri Dec  9 15:07:00 2022...
